{
  "RSpec": {
    "coverage": {
      "/Users/charlottefereday/Development/ruby-bowling-challenge/spec/frame_spec.rb": [
        1,
        null,
        1,
        3,
        null,
        1,
        1,
        1,
        null,
        null,
        null,
        1,
        1,
        1,
        null,
        null,
        null
      ],
      "/Users/charlottefereday/Development/ruby-bowling-challenge/lib/frame.rb": [
        1,
        null,
        1,
        null,
        1,
        5,
        null,
        null,
        1,
        44,
        null,
        null,
        null
      ],
      "/Users/charlottefereday/Development/ruby-bowling-challenge/spec/game_spec.rb": [
        1,
        null,
        1,
        4,
        null,
        1,
        1,
        1,
        1,
        null,
        null,
        null,
        1,
        1,
        1,
        1,
        null,
        null,
        null,
        1,
        1,
        1,
        1,
        null,
        null,
        null,
        null,
        1,
        1,
        0,
        0,
        null,
        null,
        null,
        null
      ],
      "/Users/charlottefereday/Development/ruby-bowling-challenge/lib/game.rb": [
        1,
        null,
        1,
        null,
        1,
        3,
        null,
        null,
        1,
        1,
        1,
        1,
        null,
        1,
        null,
        null,
        1,
        1,
        1,
        1,
        null,
        1,
        null,
        null,
        1,
        0,
        0,
        0,
        null,
        null,
        null
      ]
    },
    "timestamp": 1499531836
  }
}
