{
  "RSpec": {
    "coverage": {
      "/Users/charlottefereday/Development/ruby-bowling-challenge/spec/frame_spec.rb": [
        1,
        null,
        1,
        3,
        null,
        1,
        1,
        1,
        null,
        null,
        null,
        1,
        1,
        1,
        null,
        null,
        null
      ],
      "/Users/charlottefereday/Development/ruby-bowling-challenge/lib/frame.rb": [
        null,
        1,
        1,
        null,
        1,
        6,
        null,
        null,
        1,
        55,
        null,
        null
      ],
      "/Users/charlottefereday/Development/ruby-bowling-challenge/spec/game_spec.rb": [
        1,
        null,
        1,
        5,
        null,
        1,
        1,
        1,
        1,
        null,
        null,
        null,
        1,
        1,
        1,
        1,
        null,
        null,
        null,
        1,
        1,
        1,
        1,
        null,
        null,
        null,
        1,
        1,
        1,
        1,
        null,
        null,
        null
      ],
      "/Users/charlottefereday/Development/ruby-bowling-challenge/lib/game.rb": [
        null,
        1,
        1,
        null,
        1,
        4,
        null,
        null,
        1,
        2,
        2,
        2,
        null,
        2,
        null,
        null,
        1,
        2,
        2,
        2,
        null,
        2,
        null,
        null,
        1,
        1,
        1,
        1,
        null,
        null
      ]
    },
    "timestamp": 1499594007
  }
}
